<?xml version="1.0" encoding="UTF-8"?>
<coverage generated="1580057983045" clover="3.2.0">
  <project timestamp="1580057983045" name="All files">
    <metrics statements="20" coveredstatements="10" conditionals="5" coveredconditionals="0" methods="3" coveredmethods="1" elements="28" coveredelements="11" complexity="0" loc="20" ncloc="20" packages="1" files="1" classes="1"/>
    <file name="app.ts" path="/Users/tomoki/Projects/typescript-tutorial/vscode-works/src/app.ts">
      <metrics statements="20" coveredstatements="10" conditionals="5" coveredconditionals="0" methods="3" coveredmethods="1"/>
      <line num="1" count="1" type="stmt"/>
      <line num="2" count="1" type="stmt"/>
      <line num="10" count="1" type="stmt"/>
      <line num="16" count="1" type="stmt"/>
      <line num="17" count="1" type="stmt"/>
      <line num="19" count="1" type="stmt"/>
      <line num="20" count="0" type="stmt"/>
      <line num="21" count="0" type="cond" truecount="0" falsecount="5"/>
      <line num="22" count="0" type="stmt"/>
      <line num="23" count="0" type="stmt"/>
      <line num="28" count="0" type="stmt"/>
      <line num="29" count="0" type="stmt"/>
      <line num="30" count="0" type="stmt"/>
      <line num="31" count="0" type="stmt"/>
      <line num="33" count="0" type="stmt"/>
      <line num="37" count="1" type="stmt"/>
      <line num="38" count="0" type="stmt"/>
      <line num="42" count="1" type="stmt"/>
      <line num="43" count="1" type="stmt"/>
      <line num="47" count="1" type="stmt"/>
    </file>
  </project>
</coverage>
